<?xml version="1.0" encoding="UTF-8"?>
<!-- Generated by org.testng.reporters.JUnitXMLReporter -->
<testsuite ignored="0" hostname="LAPTOP-LRNS79PC" failures="0" tests="4" name="Test" time="30.53" errors="0" timestamp="2022-06-01T12:07:05 CDT">
  <testcase classname="com.seleniumFramework.testCases.LoginTestCrm" name="loginAppcase" time="2.447"/>
  <testcase classname="com.seleniumFramework.testCases.LoginTestCrm" name="searchTestCase" time="8.341"/>
  <testcase classname="com.seleniumFramework.testCases.LoginTestCrm" name="freeCourseTestCase" time="5.978"/>
  <testcase classname="com.seleniumFramework.testCases.LoginTestCrm" name="allCoursesTestCase" time="4.729"/>
</testsuite> <!-- Test -->
