<?xml version="1.0" encoding="UTF-8"?>
<!-- Generated by org.testng.reporters.JUnitXMLReporter -->
<testsuite ignored="0" hostname="LAPTOP-LRNS79PC" failures="0" tests="4" name="Test" time="26.941" errors="0" timestamp="2022-05-19T12:04:05 CDT">
  <testcase classname="com.seleniumFramework.testCases.LoginTestCrm" name="loginAppcase" time="2.587"/>
  <testcase classname="com.seleniumFramework.testCases.LoginTestCrm" name="searchTestCase" time="7.899"/>
  <testcase classname="com.seleniumFramework.testCases.LoginTestCrm" name="freeCourseTestCase" time="4.838"/>
  <testcase classname="com.seleniumFramework.testCases.LoginTestCrm" name="allCoursesTestCase" time="4.081"/>
</testsuite> <!-- Test -->
