<?xml version="1.0" encoding="UTF-8"?>
<!-- Generated by org.testng.reporters.JUnitXMLReporter -->
<testsuite ignored="3" hostname="LAPTOP-LRNS79PC" failures="0" tests="1" name="Default test" time="17.824" errors="0" timestamp="2022-05-27T15:51:07 CDT">
  <testcase classname="com.seleniumFramework.testCases.LoginTestCrm" name="loginAppcase" time="4.096"/>
  <testcase classname="com.seleniumFramework.testCases.LoginTestCrm" name="freeCourseTestCase" time="0.0">
    <ignored/>
  </testcase> <!-- freeCourseTestCase -->
  <testcase classname="com.seleniumFramework.testCases.LoginTestCrm" name="allCoursesTestCase" time="0.0">
    <ignored/>
  </testcase> <!-- allCoursesTestCase -->
  <testcase classname="com.seleniumFramework.testCases.LoginTestCrm" name="searchTestCase" time="0.0">
    <ignored/>
  </testcase> <!-- searchTestCase -->
</testsuite> <!-- Default test -->
