<?xml version="1.0" encoding="UTF-8"?>
<testng-results ignored="0" total="4" passed="4" failed="0" skipped="0">
  <reporter-output>
  </reporter-output>
  <suite started-at="2022-05-19T12:03:38 CDT" name="Suite" finished-at="2022-05-19T12:04:05 CDT" duration-ms="26941">
    <groups>
    </groups>
    <test started-at="2022-05-19T12:03:38 CDT" name="Test" finished-at="2022-05-19T12:04:05 CDT" duration-ms="26941">
      <class name="com.seleniumFramework.testCases.LoginTestCrm">
        <test-method is-config="true" signature="setUpSuite()[pri:0, instance:com.seleniumFramework.testCases.LoginTestCrm@57c758ac]" started-at="2022-05-19T12:03:37 CDT" name="setUpSuite" finished-at="2022-05-19T12:03:38 CDT" duration-ms="1096" status="PASS">
          <reporter-output>
          </reporter-output>
        </test-method> <!-- setUpSuite -->
        <test-method is-config="true" signature="setUp()[pri:0, instance:com.seleniumFramework.testCases.LoginTestCrm@57c758ac]" started-at="2022-05-19T12:03:38 CDT" name="setUp" finished-at="2022-05-19T12:03:46 CDT" duration-ms="7218" status="PASS">
          <reporter-output>
          </reporter-output>
        </test-method> <!-- setUp -->
        <test-method signature="loginAppcase()[pri:1, instance:com.seleniumFramework.testCases.LoginTestCrm@57c758ac]" started-at="2022-05-19T12:03:46 CDT" name="loginAppcase" finished-at="2022-05-19T12:03:48 CDT" duration-ms="2587" status="PASS">
          <reporter-output>
          </reporter-output>
        </test-method> <!-- loginAppcase -->
        <test-method signature="searchTestCase()[pri:2, instance:com.seleniumFramework.testCases.LoginTestCrm@57c758ac]" started-at="2022-05-19T12:03:48 CDT" name="searchTestCase" finished-at="2022-05-19T12:03:56 CDT" duration-ms="7899" status="PASS">
          <reporter-output>
          </reporter-output>
        </test-method> <!-- searchTestCase -->
        <test-method signature="freeCourseTestCase()[pri:3, instance:com.seleniumFramework.testCases.LoginTestCrm@57c758ac]" started-at="2022-05-19T12:03:56 CDT" name="freeCourseTestCase" finished-at="2022-05-19T12:04:01 CDT" duration-ms="4838" status="PASS">
          <reporter-output>
          </reporter-output>
        </test-method> <!-- freeCourseTestCase -->
        <test-method signature="allCoursesTestCase()[pri:4, instance:com.seleniumFramework.testCases.LoginTestCrm@57c758ac]" started-at="2022-05-19T12:04:01 CDT" name="allCoursesTestCase" finished-at="2022-05-19T12:04:05 CDT" duration-ms="4081" status="PASS">
          <reporter-output>
          </reporter-output>
        </test-method> <!-- allCoursesTestCase -->
        <test-method is-config="true" signature="tearDown()[pri:0, instance:com.seleniumFramework.testCases.LoginTestCrm@57c758ac]" started-at="2022-05-19T12:04:05 CDT" name="tearDown" finished-at="2022-05-19T12:04:05 CDT" duration-ms="245" status="PASS">
          <reporter-output>
          </reporter-output>
        </test-method> <!-- tearDown -->
      </class> <!-- com.seleniumFramework.testCases.LoginTestCrm -->
    </test> <!-- Test -->
  </suite> <!-- Suite -->
</testng-results>
