<?xml version="1.0" encoding="UTF-8"?>
<testng-results ignored="0" total="4" passed="4" failed="0" skipped="0">
  <reporter-output>
  </reporter-output>
  <suite started-at="2022-06-01T12:06:35 CDT" name="Suite" finished-at="2022-06-01T12:07:05 CDT" duration-ms="30530">
    <groups>
    </groups>
    <test started-at="2022-06-01T12:06:35 CDT" name="Test" finished-at="2022-06-01T12:07:05 CDT" duration-ms="30530">
      <class name="com.seleniumFramework.testCases.LoginTestCrm">
        <test-method is-config="true" signature="setUpSuite()[pri:0, instance:com.seleniumFramework.testCases.LoginTestCrm@57c758ac]" started-at="2022-06-01T12:06:34 CDT" name="setUpSuite" finished-at="2022-06-01T12:06:35 CDT" duration-ms="576" status="PASS">
          <reporter-output>
          </reporter-output>
        </test-method> <!-- setUpSuite -->
        <test-method is-config="true" signature="setUp()[pri:0, instance:com.seleniumFramework.testCases.LoginTestCrm@57c758ac]" started-at="2022-06-01T12:06:35 CDT" name="setUp" finished-at="2022-06-01T12:06:43 CDT" duration-ms="8636" status="PASS">
          <reporter-output>
          </reporter-output>
        </test-method> <!-- setUp -->
        <test-method signature="loginAppcase()[pri:1, instance:com.seleniumFramework.testCases.LoginTestCrm@57c758ac]" started-at="2022-06-01T12:06:43 CDT" name="loginAppcase" finished-at="2022-06-01T12:06:46 CDT" duration-ms="2447" status="PASS">
          <reporter-output>
          </reporter-output>
        </test-method> <!-- loginAppcase -->
        <test-method signature="searchTestCase()[pri:2, instance:com.seleniumFramework.testCases.LoginTestCrm@57c758ac]" started-at="2022-06-01T12:06:46 CDT" name="searchTestCase" finished-at="2022-06-01T12:06:54 CDT" duration-ms="8341" status="PASS">
          <reporter-output>
          </reporter-output>
        </test-method> <!-- searchTestCase -->
        <test-method signature="freeCourseTestCase()[pri:3, instance:com.seleniumFramework.testCases.LoginTestCrm@57c758ac]" started-at="2022-06-01T12:06:54 CDT" name="freeCourseTestCase" finished-at="2022-06-01T12:07:00 CDT" duration-ms="5978" status="PASS">
          <reporter-output>
          </reporter-output>
        </test-method> <!-- freeCourseTestCase -->
        <test-method signature="allCoursesTestCase()[pri:4, instance:com.seleniumFramework.testCases.LoginTestCrm@57c758ac]" started-at="2022-06-01T12:07:00 CDT" name="allCoursesTestCase" finished-at="2022-06-01T12:07:05 CDT" duration-ms="4729" status="PASS">
          <reporter-output>
          </reporter-output>
        </test-method> <!-- allCoursesTestCase -->
        <test-method is-config="true" signature="tearDown()[pri:0, instance:com.seleniumFramework.testCases.LoginTestCrm@57c758ac]" started-at="2022-06-01T12:07:05 CDT" name="tearDown" finished-at="2022-06-01T12:07:05 CDT" duration-ms="354" status="PASS">
          <reporter-output>
          </reporter-output>
        </test-method> <!-- tearDown -->
      </class> <!-- com.seleniumFramework.testCases.LoginTestCrm -->
    </test> <!-- Test -->
  </suite> <!-- Suite -->
</testng-results>
